
  [32m[1mVITE[22m v5.4.21[39m  [2mready in [0m[1m352[22m[2m[0m ms[22m

  [32m➜[39m  [1mLocal[22m:   [36mhttp://localhost:[1m5173[22m/[39m
[2m  [32m➜[39m  [1mNetwork[22m[2m: use [22m[1m--host[22m[2m to expose[22m
[2m6:12:08 PM[22m [36m[1m[vite][22m[39m [32m✨ new dependencies optimized: [33m@mui/icons-material/DeleteOutline[32m[39m
[2m6:12:08 PM[22m [36m[1m[vite][22m[39m [32m✨ optimized dependencies changed. reloading[39m
[2m6:45:07 PM[22m [36m[1m[vite][22m[39m [32mhmr update [39m[2m/src/auth/ProtectedByRole.jsx[22m
[2m6:55:34 PM[22m [36m[1m[vite][22m[39m [32mhmr update [39m[2m/src/pages/checkout/Checkout.jsx[22m
[2m6:55:40 PM[22m [36m[1m[vite][22m[39m [32m✨ new dependencies optimized: [33m@mui/icons-material/CheckCircleOutline, @mui/icons-material/LocalShippingOutlined[32m[39m
[2m6:55:40 PM[22m [36m[1m[vite][22m[39m [32m✨ optimized dependencies changed. reloading[39m
[2m7:28:40 PM[22m [36m[1m[vite][22m[39m [32mpage reload [39m[2msrc/theme/appTheme.js[22m
[2m7:29:14 PM[22m [36m[1m[vite][22m[39m [32mhmr update [39m[2m/src/components/common/ProductCard.jsx[22m
[2m7:29:16 PM[22m [36m[1m[vite][22m[39m [32mhmr update [39m[2m/src/pages/cart/CartPage.jsx[22m
[2m7:29:18 PM[22m [36m[1m[vite][22m[39m [32mhmr update [39m[2m/src/pages/checkout/Checkout.jsx[22m
[2m7:39:28 PM[22m [36m[1m[vite][22m[39m [32mhmr update [39m[2m/src/components/common/AppHeader.jsx[22m
[2m7:40:35 PM[22m [36m[1m[vite][22m[39m [32m✨ new dependencies optimized: [33m@mui/icons-material/Person, @mui/icons-material/Logout, @mui/icons-material/LightMode, @mui/icons-material/DarkMode[32m[39m
[2m7:40:35 PM[22m [36m[1m[vite][22m[39m [32m✨ optimized dependencies changed. reloading[39m
[2m7:43:55 PM[22m [36m[1m[vite][22m[39m [32mhmr update [39m[2m/src/pages/Login.jsx[22m
[2m8:04:54 PM[22m [36m[1m[vite][22m[39m [32mpage reload [39m[2msrc/main.jsx[22m
[2m8:04:56 PM[22m [36m[1m[vite][22m[39m [32mpage reload [39m[2msrc/main.jsx[22m
[2m8:04:57 PM[22m [36m[1m[vite][22m[39m [32m✨ new dependencies optimized: [33mprimereact/api[32m[39m
[2m8:04:57 PM[22m [36m[1m[vite][22m[39m [32m✨ optimized dependencies changed. reloading[39m
[2m8:05:08 PM[22m [36m[1m[vite][22m[39m [32mhmr update [39m[2m/src/context/ThemeContext.jsx[22m
[2m8:05:08 PM[22m [36m[1m[vite][22m[39m [33mhmr invalidate [39m[2m/src/context/ThemeContext.jsx[22m Could not Fast Refresh ("useAppTheme" export is incompatible). Learn more at https://github.com/vitejs/vite-plugin-react/tree/main/packages/plugin-react#consistent-components-exports
[2m8:05:08 PM[22m [36m[1m[vite][22m[39m [32mpage reload [39m[2msrc/context/ThemeContext.jsx[22m
[2m8:05:24 PM[22m [36m[1m[vite][22m[39m [32mhmr update [39m[2m/src/components/common/AppHeader.jsx[22m
[2m8:05:26 PM[22m [36m[1m[vite][22m[39m [32m✨ new dependencies optimized: [33mprimereact/menubar, primereact/inputtext, primereact/button, primereact/badge, primereact/sidebar[32m[39m
[2m8:05:26 PM[22m [36m[1m[vite][22m[39m [32m✨ optimized dependencies changed. reloading[39m
[2m8:05:38 PM[22m [36m[1m[vite][22m[39m [32mhmr update [39m[2m/src/components/common/ProductCard.jsx[22m
[2m8:05:41 PM[22m [36m[1m[vite][22m[39m [32m✨ new dependencies optimized: [33mprimereact/card, primereact/rating, primereact/toast[32m[39m
[2m8:05:41 PM[22m [36m[1m[vite][22m[39m [32m✨ optimized dependencies changed. reloading[39m
[2m8:06:02 PM[22m [36m[1m[vite][22m[39m [32mhmr update [39m[2m/src/pages/Home.jsx[22m
[2m8:06:04 PM[22m [36m[1m[vite][22m[39m [32m✨ new dependencies optimized: [33mprimereact/dataview, primereact/carousel, primereact/message, primereact/progressspinner[32m[39m
[2m8:06:04 PM[22m [36m[1m[vite][22m[39m [32m✨ optimized dependencies changed. reloading[39m
[2m8:06:23 PM[22m [36m[1m[vite][22m[39m [32mhmr update [39m[2m/src/pages/cart/CartPage.jsx[22m
[2m8:06:26 PM[22m [36m[1m[vite][22m[39m [32m✨ new dependencies optimized: [33mprimereact/datatable, primereact/column, primereact/divider, primereact/skeleton[32m[39m
[2m8:06:26 PM[22m [36m[1m[vite][22m[39m [32m✨ optimized dependencies changed. reloading[39m
[2m8:06:50 PM[22m [36m[1m[vite][22m[39m [32mhmr update [39m[2m/src/pages/checkout/Checkout.jsx[22m
[2m8:06:53 PM[22m [36m[1m[vite][22m[39m [32m✨ new dependencies optimized: [33mprimereact/radiobutton, primereact/steps[32m[39m
[2m8:06:53 PM[22m [36m[1m[vite][22m[39m [32m✨ optimized dependencies changed. reloading[39m
[2m8:07:30 PM[22m [36m[1m[vite][22m[39m [32mhmr update [39m[2m/src/styles/brand.css[22m
[2m8:16:10 PM[22m [36m[1m[vite][22m[39m [32mhmr update [39m[2m/src/components/common/ProductCard.jsx[22m
[2m8:16:21 PM[22m [36m[1m[vite][22m[39m [32mhmr update [39m[2m/src/components/common/ProductCard.jsx[22m
[2m8:16:40 PM[22m [36m[1m[vite][22m[39m [32mhmr update [39m[2m/src/components/common/AppHeader.jsx[22m
[2m8:16:43 PM[22m [36m[1m[vite][22m[39m [32m✨ new dependencies optimized: [33mprimereact/iconfield, primereact/inputicon[32m[39m
[2m8:16:43 PM[22m [36m[1m[vite][22m[39m [32m✨ optimized dependencies changed. reloading[39m
[2m8:16:51 PM[22m [36m[1m[vite][22m[39m [32mhmr update [39m[2m/src/components/common/AppHeader.jsx[22m
[2m8:31:53 PM[22m [36m[1m[vite][22m[39m [32mhmr update [39m[2m/src/components/common/AppHeader.jsx[22m
[2m8:32:08 PM[22m [36m[1m[vite][22m[39m [32mhmr update [39m[2m/src/App.jsx[22m
[2m8:32:11 PM[22m [36m[1m[vite][22m[39m [32m✨ new dependencies optimized: [33mprimereact/menu, primereact/panelmenu[32m[39m
[2m8:32:11 PM[22m [36m[1m[vite][22m[39m [32m✨ optimized dependencies changed. reloading[39m
[2m8:35:30 PM[22m [36m[1m[vite][22m[39m [32mhmr update [39m[2m/src/components/common/AppSidebar.jsx[22m
[2m8:41:37 PM[22m [36m[1m[vite][22m[39m [32mhmr update [39m[2m/src/components/common/AppSidebar.jsx[22m
[2m8:57:27 PM[22m [36m[1m[vite][22m[39m [32mhmr update [39m[2m/src/components/common/AppSidebar.jsx[22m
[2m8:57:32 PM[22m [36m[1m[vite][22m[39m [32m✨ new dependencies optimized: [33mprimereact/avatar[32m[39m
[2m8:57:32 PM[22m [36m[1m[vite][22m[39m [32m✨ optimized dependencies changed. reloading[39m
[2m8:57:40 PM[22m [36m[1m[vite][22m[39m [32mhmr update [39m[2m/src/components/common/AppSidebar.jsx[22m
[2m9:55:32 PM[22m [36m[1m[vite][22m[39m [32mhmr update [39m[2m/src/components/layout/MainLayout.jsx[22m
[2m9:55:45 PM[22m [36m[1m[vite][22m[39m [32mhmr update [39m[2m/src/components/common/AppHeader.jsx[22m
[2m10:04:20 PM[22m [36m[1m[vite][22m[39m [32mhmr update [39m[2m/src/components/common/AppSidebar.jsx[22m
[2m10:12:09 PM[22m [36m[1m[vite][22m[39m [32mhmr update [39m[2m/src/components/common/AppHeader.jsx[22m
[2m10:12:19 PM[22m [36m[1m[vite][22m[39m [32mhmr update [39m[2m/src/components/common/AppSidebar.jsx[22m
[2m10:12:35 PM[22m [36m[1m[vite][22m[39m [32mhmr update [39m[2m/src/components/common/AppSidebar.jsx[22m
[2m10:12:43 PM[22m [36m[1m[vite][22m[39m [32mhmr update [39m[2m/src/components/common/AppSidebar.jsx[22m
[2m10:13:10 PM[22m [36m[1m[vite][22m[39m [32mhmr update [39m[2m/src/pages/Home.jsx[22m
[2m10:27:33 PM[22m [36m[1m[vite][22m[39m [32mhmr update [39m[2m/src/components/common/AppSidebar.jsx[22m
[2m10:27:53 PM[22m [36m[1m[vite][22m[39m [32mhmr update [39m[2m/src/components/common/AppHeader.jsx[22m
[2m10:28:09 PM[22m [36m[1m[vite][22m[39m [32mhmr update [39m[2m/src/pages/Home.jsx[22m
[2m10:28:16 PM[22m [36m[1m[vite][22m[39m [32mhmr update [39m[2m/src/components/common/ProductCard.jsx[22m
[2m10:28:38 PM[22m [36m[1m[vite][22m[39m [32mhmr update [39m[2m/src/pages/cart/CartPage.jsx[22m
[2m10:28:47 PM[22m [36m[1m[vite][22m[39m [32mhmr update [39m[2m/src/pages/checkout/Checkout.jsx[22m
[2m10:32:06 PM[22m [36m[1m[vite][22m[39m [32mhmr update [39m[2m/src/components/common/AppSidebar.jsx[22m
[2m10:55:26 PM[22m [36m[1m[vite][22m[39m [32mhmr update [39m[2m/src/pages/categories/CategoriesList.jsx[22m
[2m10:56:39 PM[22m [36m[1m[vite][22m[39m [32mhmr update [39m[2m/src/pages/users/AdminUsers.jsx[22m
